{"/Users/anthonycella/HackReactor/nile/client/src/components/overview/description-section/descriptionsection.jsx": {"path":"/Users/anthonycella/HackReactor/nile/client/src/components/overview/description-section/descriptionsection.jsx","statementMap":{"0":{"start":{"line":10,"column":26},"end":{"line":13,"column":3}},"1":{"start":{"line":15,"column":2},"end":{"line":20,"column":4}},"2":{"start":{"line":23,"column":36},"end":{"line":28,"column":1}}},"fnMap":{"0":{"name":"DescriptionSection","decl":{"start":{"line":6,"column":9},"end":{"line":6,"column":27}},"loc":{"start":{"line":6,"column":38},"end":{"line":21,"column":1}},"line":6}},"branchMap":{},"s":{"0":1,"1":0,"2":1},"f":{"0":1},"b":{},"_coverageSchema":"1a1c01bbd47fc00a2c39e90264f33305004495a9","hash":"03d0e7aff7598ea66b9e3130614caf096fa85705"}
,"/Users/anthonycella/HackReactor/nile/client/src/components/overview/description-section/features-list/feature.jsx": {"path":"/Users/anthonycella/HackReactor/nile/client/src/components/overview/description-section/features-list/feature.jsx","statementMap":{"0":{"start":{"line":5,"column":2},"end":{"line":9,"column":4}},"1":{"start":{"line":12,"column":20},"end":{"line":14,"column":1}}},"fnMap":{"0":{"name":"Feature","decl":{"start":{"line":4,"column":9},"end":{"line":4,"column":16}},"loc":{"start":{"line":4,"column":37},"end":{"line":10,"column":1}},"line":4}},"branchMap":{},"s":{"0":1,"1":3},"f":{"0":1},"b":{},"_coverageSchema":"1a1c01bbd47fc00a2c39e90264f33305004495a9","hash":"c4cc5001f2e59375d973d7868a5b5ad030871b9d"}
,"/Users/anthonycella/HackReactor/nile/client/src/components/overview/description-section/features-list/featureslist.jsx": {"path":"/Users/anthonycella/HackReactor/nile/client/src/components/overview/description-section/features-list/featureslist.jsx","statementMap":{"0":{"start":{"line":9,"column":21},"end":{"line":9,"column":35}},"1":{"start":{"line":11,"column":17},"end":{"line":13,"column":4}},"2":{"start":{"line":12,"column":4},"end":{"line":12,"column":66}},"3":{"start":{"line":15,"column":2},"end":{"line":19,"column":4}},"4":{"start":{"line":22,"column":25},"end":{"line":27,"column":1}}},"fnMap":{"0":{"name":"FeaturesList","decl":{"start":{"line":5,"column":9},"end":{"line":5,"column":21}},"loc":{"start":{"line":5,"column":36},"end":{"line":20,"column":1}},"line":5},"1":{"name":"(anonymous_1)","decl":{"start":{"line":11,"column":34},"end":{"line":11,"column":35}},"loc":{"start":{"line":11,"column":50},"end":{"line":13,"column":3}},"line":11}},"branchMap":{"0":{"loc":{"start":{"line":9,"column":21},"end":{"line":9,"column":35}},"type":"binary-expr","locations":[{"start":{"line":9,"column":21},"end":{"line":9,"column":29}},{"start":{"line":9,"column":33},"end":{"line":9,"column":35}}],"line":9}},"s":{"0":1,"1":1,"2":0,"3":1,"4":2},"f":{"0":1,"1":0},"b":{"0":[1,1]},"_coverageSchema":"1a1c01bbd47fc00a2c39e90264f33305004495a9","hash":"164ab26c0bde03f8b7a2701cdb32469d59485d84"}
,"/Users/anthonycella/HackReactor/nile/client/src/components/overview/description-section/product-description/description.jsx": {"path":"/Users/anthonycella/HackReactor/nile/client/src/components/overview/description-section/product-description/description.jsx","statementMap":{"0":{"start":{"line":5,"column":2},"end":{"line":9,"column":4}},"1":{"start":{"line":12,"column":29},"end":{"line":14,"column":1}}},"fnMap":{"0":{"name":"Description","decl":{"start":{"line":4,"column":9},"end":{"line":4,"column":20}},"loc":{"start":{"line":4,"column":38},"end":{"line":10,"column":1}},"line":4}},"branchMap":{},"s":{"0":0,"1":1},"f":{"0":0},"b":{},"_coverageSchema":"1a1c01bbd47fc00a2c39e90264f33305004495a9","hash":"26f1e9595646eea0cd16fa0d11a04e974ca6d122"}
,"/Users/anthonycella/HackReactor/nile/client/src/components/overview/description-section/product-description/productdescription.jsx": {"path":"/Users/anthonycella/HackReactor/nile/client/src/components/overview/description-section/product-description/productdescription.jsx","statementMap":{"0":{"start":{"line":10,"column":2},"end":{"line":15,"column":4}},"1":{"start":{"line":18,"column":36},"end":{"line":27,"column":1}}},"fnMap":{"0":{"name":"ProductDescription","decl":{"start":{"line":6,"column":9},"end":{"line":6,"column":27}},"loc":{"start":{"line":6,"column":38},"end":{"line":16,"column":1}},"line":6}},"branchMap":{},"s":{"0":0,"1":1},"f":{"0":0},"b":{},"_coverageSchema":"1a1c01bbd47fc00a2c39e90264f33305004495a9","hash":"d209e7deac1a5411532209dcd54868337c7ad2b2"}
,"/Users/anthonycella/HackReactor/nile/client/src/components/overview/description-section/product-description/slogan.jsx": {"path":"/Users/anthonycella/HackReactor/nile/client/src/components/overview/description-section/product-description/slogan.jsx","statementMap":{"0":{"start":{"line":5,"column":2},"end":{"line":9,"column":4}},"1":{"start":{"line":12,"column":20},"end":{"line":15,"column":1}}},"fnMap":{"0":{"name":"Slogan","decl":{"start":{"line":4,"column":9},"end":{"line":4,"column":15}},"loc":{"start":{"line":4,"column":33},"end":{"line":10,"column":1}},"line":4}},"branchMap":{},"s":{"0":0,"1":1},"f":{"0":0},"b":{},"_coverageSchema":"1a1c01bbd47fc00a2c39e90264f33305004495a9","hash":"89fdfb15683041bbf3fdc981502dff2f373affda"}
,"/Users/anthonycella/HackReactor/nile/client/src/components/overview/main-section/product-image/nextimagebutton.jsx": {"path":"/Users/anthonycella/HackReactor/nile/client/src/components/overview/main-section/product-image/nextimagebutton.jsx","statementMap":{"0":{"start":{"line":5,"column":2},"end":{"line":7,"column":4}},"1":{"start":{"line":6,"column":45},"end":{"line":6,"column":84}},"2":{"start":{"line":10,"column":33},"end":{"line":19,"column":1}}},"fnMap":{"0":{"name":"NextImageButton","decl":{"start":{"line":4,"column":9},"end":{"line":4,"column":24}},"loc":{"start":{"line":4,"column":57},"end":{"line":8,"column":1}},"line":4},"1":{"name":"(anonymous_1)","decl":{"start":{"line":6,"column":39},"end":{"line":6,"column":40}},"loc":{"start":{"line":6,"column":45},"end":{"line":6,"column":84}},"line":6}},"branchMap":{},"s":{"0":0,"1":0,"2":1},"f":{"0":0,"1":0},"b":{},"_coverageSchema":"1a1c01bbd47fc00a2c39e90264f33305004495a9","hash":"96a2509f11ced3c0f7570e1b64a37eb3b5e6b3d5"}
,"/Users/anthonycella/HackReactor/nile/client/src/components/overview/main-section/product-image/previousimagebutton.jsx": {"path":"/Users/anthonycella/HackReactor/nile/client/src/components/overview/main-section/product-image/previousimagebutton.jsx","statementMap":{"0":{"start":{"line":5,"column":2},"end":{"line":7,"column":4}},"1":{"start":{"line":6,"column":49},"end":{"line":6,"column":88}},"2":{"start":{"line":10,"column":37},"end":{"line":19,"column":1}}},"fnMap":{"0":{"name":"PreviousImageButton","decl":{"start":{"line":4,"column":9},"end":{"line":4,"column":28}},"loc":{"start":{"line":4,"column":61},"end":{"line":8,"column":1}},"line":4},"1":{"name":"(anonymous_1)","decl":{"start":{"line":6,"column":43},"end":{"line":6,"column":44}},"loc":{"start":{"line":6,"column":49},"end":{"line":6,"column":88}},"line":6}},"branchMap":{},"s":{"0":0,"1":0,"2":1},"f":{"0":0,"1":0},"b":{},"_coverageSchema":"1a1c01bbd47fc00a2c39e90264f33305004495a9","hash":"e24f2774f87f491d01facc0de203d293abb28ee2"}
,"/Users/anthonycella/HackReactor/nile/client/src/components/overview/main-section/product-image/productimage.jsx": {"path":"/Users/anthonycella/HackReactor/nile/client/src/components/overview/main-section/product-image/productimage.jsx","statementMap":{"0":{"start":{"line":7,"column":34},"end":{"line":7,"column":36}},"1":{"start":{"line":10,"column":2},"end":{"line":10,"column":52}},"2":{"start":{"line":11,"column":2},"end":{"line":11,"column":40}},"3":{"start":{"line":16,"column":2},"end":{"line":20,"column":3}},"4":{"start":{"line":16,"column":26},"end":{"line":16,"column":27}},"5":{"start":{"line":17,"column":4},"end":{"line":19,"column":5}},"6":{"start":{"line":18,"column":6},"end":{"line":18,"column":48}},"7":{"start":{"line":24,"column":20},"end":{"line":24,"column":32}},"8":{"start":{"line":25,"column":2},"end":{"line":25,"column":32}},"9":{"start":{"line":28,"column":21},"end":{"line":28,"column":58}},"10":{"start":{"line":29,"column":54},"end":{"line":29,"column":79}},"11":{"start":{"line":31,"column":28},"end":{"line":31,"column":93}},"12":{"start":{"line":32,"column":32},"end":{"line":32,"column":141}},"13":{"start":{"line":34,"column":35},"end":{"line":34,"column":77}},"14":{"start":{"line":36,"column":2},"end":{"line":43,"column":3}},"15":{"start":{"line":38,"column":4},"end":{"line":42,"column":5}},"16":{"start":{"line":39,"column":6},"end":{"line":39,"column":60}},"17":{"start":{"line":41,"column":6},"end":{"line":41,"column":86}},"18":{"start":{"line":45,"column":25},"end":{"line":45,"column":60}},"19":{"start":{"line":47,"column":25},"end":{"line":47,"column":139}},"20":{"start":{"line":48,"column":21},"end":{"line":48,"column":150}},"21":{"start":{"line":50,"column":2},"end":{"line":58,"column":4}},"22":{"start":{"line":62,"column":30},"end":{"line":71,"column":1}},"23":{"start":{"line":67,"column":38},"end":{"line":67,"column":61}},"24":{"start":{"line":73,"column":21},"end":{"line":78,"column":1}}},"fnMap":{"0":{"name":"setInitialProductImage","decl":{"start":{"line":9,"column":9},"end":{"line":9,"column":31}},"loc":{"start":{"line":9,"column":69},"end":{"line":12,"column":1}},"line":9},"1":{"name":"addIndexesToPhotos","decl":{"start":{"line":14,"column":9},"end":{"line":14,"column":27}},"loc":{"start":{"line":14,"column":36},"end":{"line":21,"column":1}},"line":14},"2":{"name":"ProductImage","decl":{"start":{"line":23,"column":9},"end":{"line":23,"column":21}},"loc":{"start":{"line":23,"column":34},"end":{"line":59,"column":1}},"line":23},"3":{"name":"(anonymous_3)","decl":{"start":{"line":67,"column":27},"end":{"line":67,"column":28}},"loc":{"start":{"line":67,"column":38},"end":{"line":67,"column":61}},"line":67}},"branchMap":{"0":{"loc":{"start":{"line":17,"column":4},"end":{"line":19,"column":5}},"type":"if","locations":[{"start":{"line":17,"column":4},"end":{"line":19,"column":5}},{"start":{},"end":{}}],"line":17},"1":{"loc":{"start":{"line":24,"column":20},"end":{"line":24,"column":32}},"type":"binary-expr","locations":[{"start":{"line":24,"column":20},"end":{"line":24,"column":26}},{"start":{"line":24,"column":30},"end":{"line":24,"column":32}}],"line":24},"2":{"loc":{"start":{"line":28,"column":21},"end":{"line":28,"column":58}},"type":"binary-expr","locations":[{"start":{"line":28,"column":21},"end":{"line":28,"column":33}},{"start":{"line":28,"column":37},"end":{"line":28,"column":58}}],"line":28},"3":{"loc":{"start":{"line":31,"column":28},"end":{"line":31,"column":93}},"type":"binary-expr","locations":[{"start":{"line":31,"column":28},"end":{"line":31,"column":59}},{"start":{"line":31,"column":63},"end":{"line":31,"column":93}}],"line":31},"4":{"loc":{"start":{"line":32,"column":32},"end":{"line":32,"column":141}},"type":"binary-expr","locations":[{"start":{"line":32,"column":32},"end":{"line":32,"column":103}},{"start":{"line":32,"column":107},"end":{"line":32,"column":141}}],"line":32},"5":{"loc":{"start":{"line":34,"column":35},"end":{"line":34,"column":77}},"type":"binary-expr","locations":[{"start":{"line":34,"column":35},"end":{"line":34,"column":52}},{"start":{"line":34,"column":56},"end":{"line":34,"column":77}}],"line":34},"6":{"loc":{"start":{"line":36,"column":2},"end":{"line":43,"column":3}},"type":"if","locations":[{"start":{"line":36,"column":2},"end":{"line":43,"column":3}},{"start":{},"end":{}}],"line":36},"7":{"loc":{"start":{"line":38,"column":4},"end":{"line":42,"column":5}},"type":"if","locations":[{"start":{"line":38,"column":4},"end":{"line":42,"column":5}},{"start":{"line":40,"column":11},"end":{"line":42,"column":5}}],"line":38},"8":{"loc":{"start":{"line":45,"column":25},"end":{"line":45,"column":60}},"type":"binary-expr","locations":[{"start":{"line":45,"column":25},"end":{"line":45,"column":34}},{"start":{"line":45,"column":38},"end":{"line":45,"column":60}}],"line":45},"9":{"loc":{"start":{"line":47,"column":25},"end":{"line":47,"column":139}},"type":"cond-expr","locations":[{"start":{"line":47,"column":48},"end":{"line":47,"column":55}},{"start":{"line":47,"column":58},"end":{"line":47,"column":139}}],"line":47},"10":{"loc":{"start":{"line":48,"column":21},"end":{"line":48,"column":150}},"type":"cond-expr","locations":[{"start":{"line":48,"column":63},"end":{"line":48,"column":70}},{"start":{"line":48,"column":73},"end":{"line":48,"column":150}}],"line":48}},"s":{"0":1,"1":0,"2":0,"3":1,"4":1,"5":0,"6":0,"7":1,"8":1,"9":1,"10":1,"11":1,"12":1,"13":0,"14":0,"15":0,"16":0,"17":0,"18":0,"19":0,"20":0,"21":0,"22":1,"23":0,"24":1},"f":{"0":0,"1":1,"2":1,"3":0},"b":{"0":[0,0],"1":[1,1],"2":[1,1],"3":[1,0],"4":[1,0],"5":[0,0],"6":[0,0],"7":[0,0],"8":[0,0],"9":[0,0],"10":[0,0]},"_coverageSchema":"1a1c01bbd47fc00a2c39e90264f33305004495a9","hash":"afb07e0dcce552fc07d55c234b6952574b5b97bf"}
,"/Users/anthonycella/HackReactor/nile/client/src/components/overview/main-section/product-image/carousel/carousel.jsx": {"path":"/Users/anthonycella/HackReactor/nile/client/src/components/overview/main-section/product-image/carousel/carousel.jsx","statementMap":{"0":{"start":{"line":7,"column":21},"end":{"line":7,"column":23}},"1":{"start":{"line":8,"column":19},"end":{"line":15,"column":4}},"2":{"start":{"line":9,"column":4},"end":{"line":9,"column":19}},"3":{"start":{"line":10,"column":4},"end":{"line":14,"column":5}},"4":{"start":{"line":11,"column":6},"end":{"line":11,"column":75}},"5":{"start":{"line":13,"column":6},"end":{"line":13,"column":131}},"6":{"start":{"line":13,"column":85},"end":{"line":13,"column":127}},"7":{"start":{"line":17,"column":2},"end":{"line":21,"column":4}},"8":{"start":{"line":24,"column":26},"end":{"line":31,"column":1}}},"fnMap":{"0":{"name":"Carousel","decl":{"start":{"line":6,"column":9},"end":{"line":6,"column":17}},"loc":{"start":{"line":6,"column":58},"end":{"line":22,"column":1}},"line":6},"1":{"name":"(anonymous_1)","decl":{"start":{"line":8,"column":34},"end":{"line":8,"column":35}},"loc":{"start":{"line":8,"column":54},"end":{"line":15,"column":3}},"line":8},"2":{"name":"(anonymous_2)","decl":{"start":{"line":13,"column":79},"end":{"line":13,"column":80}},"loc":{"start":{"line":13,"column":85},"end":{"line":13,"column":127}},"line":13}},"branchMap":{"0":{"loc":{"start":{"line":10,"column":4},"end":{"line":14,"column":5}},"type":"if","locations":[{"start":{"line":10,"column":4},"end":{"line":14,"column":5}},{"start":{"line":12,"column":11},"end":{"line":14,"column":5}}],"line":10}},"s":{"0":0,"1":0,"2":0,"3":0,"4":0,"5":0,"6":0,"7":0,"8":1},"f":{"0":0,"1":0,"2":0},"b":{"0":[0,0]},"_coverageSchema":"1a1c01bbd47fc00a2c39e90264f33305004495a9","hash":"0f82cb03b0d1361fba56fd2cfd1d8b60c0b8f3f2"}
,"/Users/anthonycella/HackReactor/nile/client/src/components/overview/main-section/product-image/carousel/carouselselectedthumbnail.jsx": {"path":"/Users/anthonycella/HackReactor/nile/client/src/components/overview/main-section/product-image/carousel/carouselselectedthumbnail.jsx","statementMap":{"0":{"start":{"line":4,"column":21},"end":{"line":4,"column":85}},"1":{"start":{"line":7,"column":2},"end":{"line":12,"column":4}},"2":{"start":{"line":15,"column":35},"end":{"line":21,"column":1}},"3":{"start":{"line":19,"column":38},"end":{"line":19,"column":50}},"4":{"start":{"line":23,"column":35},"end":{"line":26,"column":1}},"5":{"start":{"line":28,"column":22},"end":{"line":33,"column":1}}},"fnMap":{"0":{"name":"CarouselSelectedThumbnail","decl":{"start":{"line":6,"column":9},"end":{"line":6,"column":34}},"loc":{"start":{"line":6,"column":47},"end":{"line":13,"column":1}},"line":6},"1":{"name":"(anonymous_1)","decl":{"start":{"line":19,"column":27},"end":{"line":19,"column":28}},"loc":{"start":{"line":19,"column":38},"end":{"line":19,"column":50}},"line":19}},"branchMap":{},"s":{"0":1,"1":0,"2":1,"3":0,"4":1,"5":1},"f":{"0":0,"1":0},"b":{},"_coverageSchema":"1a1c01bbd47fc00a2c39e90264f33305004495a9","hash":"3ffa085bc1dbafa49aa6d3418da4e4b3e9cad0f6"}
,"/Users/anthonycella/HackReactor/nile/client/src/components/overview/main-section/product-image/carousel/carouselthumbnail.jsx": {"path":"/Users/anthonycella/HackReactor/nile/client/src/components/overview/main-section/product-image/carousel/carouselthumbnail.jsx","statementMap":{"0":{"start":{"line":5,"column":2},"end":{"line":7,"column":4}},"1":{"start":{"line":10,"column":35},"end":{"line":16,"column":1}},"2":{"start":{"line":14,"column":38},"end":{"line":14,"column":50}}},"fnMap":{"0":{"name":"CarouselThumbnail","decl":{"start":{"line":4,"column":9},"end":{"line":4,"column":26}},"loc":{"start":{"line":4,"column":53},"end":{"line":8,"column":1}},"line":4},"1":{"name":"(anonymous_1)","decl":{"start":{"line":14,"column":27},"end":{"line":14,"column":28}},"loc":{"start":{"line":14,"column":38},"end":{"line":14,"column":50}},"line":14}},"branchMap":{},"s":{"0":0,"1":1,"2":0},"f":{"0":0,"1":0},"b":{},"_coverageSchema":"1a1c01bbd47fc00a2c39e90264f33305004495a9","hash":"02e3bfa2c7ae660ee21d6ede379df0855a3a6159"}
,"/Users/anthonycella/HackReactor/nile/client/src/components/overview/main-section/product-interaction/product-info/category.jsx": {"path":"/Users/anthonycella/HackReactor/nile/client/src/components/overview/main-section/product-interaction/product-info/category.jsx","statementMap":{"0":{"start":{"line":5,"column":2},"end":{"line":9,"column":4}},"1":{"start":{"line":12,"column":26},"end":{"line":14,"column":1}}},"fnMap":{"0":{"name":"Category","decl":{"start":{"line":4,"column":9},"end":{"line":4,"column":17}},"loc":{"start":{"line":4,"column":32},"end":{"line":10,"column":1}},"line":4}},"branchMap":{},"s":{"0":1,"1":1},"f":{"0":1},"b":{},"_coverageSchema":"1a1c01bbd47fc00a2c39e90264f33305004495a9","hash":"d7bf2e59178fa4db797c6ce389d8985b0b08bd12"}
,"/Users/anthonycella/HackReactor/nile/client/src/components/overview/main-section/product-interaction/product-info/price.jsx": {"path":"/Users/anthonycella/HackReactor/nile/client/src/components/overview/main-section/product-interaction/product-info/price.jsx","statementMap":{"0":{"start":{"line":5,"column":2},"end":{"line":11,"column":3}},"1":{"start":{"line":6,"column":4},"end":{"line":10,"column":6}},"2":{"start":{"line":12,"column":2},"end":{"line":16,"column":4}},"3":{"start":{"line":19,"column":23},"end":{"line":22,"column":1}},"4":{"start":{"line":24,"column":27},"end":{"line":26,"column":1}},"5":{"start":{"line":28,"column":31},"end":{"line":30,"column":1}}},"fnMap":{"0":{"name":"Price","decl":{"start":{"line":4,"column":9},"end":{"line":4,"column":14}},"loc":{"start":{"line":4,"column":37},"end":{"line":17,"column":1}},"line":4}},"branchMap":{"0":{"loc":{"start":{"line":5,"column":2},"end":{"line":11,"column":3}},"type":"if","locations":[{"start":{"line":5,"column":2},"end":{"line":11,"column":3}},{"start":{},"end":{}}],"line":5}},"s":{"0":1,"1":0,"2":1,"3":1,"4":1,"5":1},"f":{"0":1},"b":{"0":[0,1]},"_coverageSchema":"1a1c01bbd47fc00a2c39e90264f33305004495a9","hash":"892cb69f3b183545164de27e75bd7ce725b27a35"}
,"/Users/anthonycella/HackReactor/nile/client/src/components/overview/main-section/product-interaction/product-info/productname.jsx": {"path":"/Users/anthonycella/HackReactor/nile/client/src/components/overview/main-section/product-interaction/product-info/productname.jsx","statementMap":{"0":{"start":{"line":5,"column":2},"end":{"line":9,"column":4}},"1":{"start":{"line":12,"column":13},"end":{"line":15,"column":1}}},"fnMap":{"0":{"name":"ProductName","decl":{"start":{"line":4,"column":9},"end":{"line":4,"column":20}},"loc":{"start":{"line":4,"column":31},"end":{"line":10,"column":1}},"line":4}},"branchMap":{},"s":{"0":1,"1":1},"f":{"0":1},"b":{},"_coverageSchema":"1a1c01bbd47fc00a2c39e90264f33305004495a9","hash":"9290dd2919a091c2a74390dad2a2871a078f234f"}
,"/Users/anthonycella/HackReactor/nile/client/src/components/overview/main-section/product-interaction/product-info/reviewsection.jsx": {"path":"/Users/anthonycella/HackReactor/nile/client/src/components/overview/main-section/product-interaction/product-info/reviewsection.jsx","statementMap":{"0":{"start":{"line":5,"column":15},"end":{"line":5,"column":41}},"1":{"start":{"line":6,"column":2},"end":{"line":14,"column":4}},"2":{"start":{"line":18,"column":23},"end":{"line":18,"column":34}},"3":{"start":{"line":19,"column":17},"end":{"line":19,"column":19}},"4":{"start":{"line":20,"column":2},"end":{"line":30,"column":3}},"5":{"start":{"line":20,"column":26},"end":{"line":20,"column":27}},"6":{"start":{"line":21,"column":4},"end":{"line":29,"column":5}},"7":{"start":{"line":22,"column":6},"end":{"line":22,"column":32}},"8":{"start":{"line":23,"column":11},"end":{"line":29,"column":5}},"9":{"start":{"line":24,"column":6},"end":{"line":24,"column":36}},"10":{"start":{"line":25,"column":6},"end":{"line":25,"column":28}},"11":{"start":{"line":27,"column":6},"end":{"line":27,"column":36}},"12":{"start":{"line":28,"column":6},"end":{"line":28,"column":26}},"13":{"start":{"line":32,"column":2},"end":{"line":32,"column":18}}},"fnMap":{"0":{"name":"ReviewSection","decl":{"start":{"line":4,"column":9},"end":{"line":4,"column":22}},"loc":{"start":{"line":4,"column":57},"end":{"line":15,"column":1}},"line":4},"1":{"name":"ratingInStars","decl":{"start":{"line":17,"column":9},"end":{"line":17,"column":22}},"loc":{"start":{"line":17,"column":36},"end":{"line":33,"column":1}},"line":17}},"branchMap":{"0":{"loc":{"start":{"line":21,"column":4},"end":{"line":29,"column":5}},"type":"if","locations":[{"start":{"line":21,"column":4},"end":{"line":29,"column":5}},{"start":{"line":23,"column":11},"end":{"line":29,"column":5}}],"line":21},"1":{"loc":{"start":{"line":23,"column":11},"end":{"line":29,"column":5}},"type":"if","locations":[{"start":{"line":23,"column":11},"end":{"line":29,"column":5}},{"start":{"line":26,"column":11},"end":{"line":29,"column":5}}],"line":23}},"s":{"0":1,"1":1,"2":1,"3":1,"4":1,"5":1,"6":5,"7":0,"8":5,"9":0,"10":0,"11":5,"12":5,"13":1},"f":{"0":1,"1":1},"b":{"0":[0,5],"1":[0,5]},"_coverageSchema":"1a1c01bbd47fc00a2c39e90264f33305004495a9","hash":"aba72a595f0a41f595b8e1340749800ea1b38b74"}
,"/Users/anthonycella/HackReactor/nile/client/src/components/overview/main-section/product-interaction/style-selector/checkmark.jsx": {"path":"/Users/anthonycella/HackReactor/nile/client/src/components/overview/main-section/product-interaction/style-selector/checkmark.jsx","statementMap":{"0":{"start":{"line":7,"column":2},"end":{"line":9,"column":4}},"1":{"start":{"line":12,"column":21},"end":{"line":12,"column":207}},"2":{"start":{"line":14,"column":27},"end":{"line":26,"column":1}},"3":{"start":{"line":18,"column":23},"end":{"line":18,"column":33}},"4":{"start":{"line":19,"column":22},"end":{"line":19,"column":32}},"5":{"start":{"line":28,"column":0},"end":{"line":30,"column":2}}},"fnMap":{"0":{"name":"CheckMark","decl":{"start":{"line":4,"column":9},"end":{"line":4,"column":18}},"loc":{"start":{"line":4,"column":29},"end":{"line":10,"column":1}},"line":4},"1":{"name":"(anonymous_1)","decl":{"start":{"line":18,"column":12},"end":{"line":18,"column":13}},"loc":{"start":{"line":18,"column":23},"end":{"line":18,"column":33}},"line":18},"2":{"name":"(anonymous_2)","decl":{"start":{"line":19,"column":11},"end":{"line":19,"column":12}},"loc":{"start":{"line":19,"column":22},"end":{"line":19,"column":32}},"line":19}},"branchMap":{},"s":{"0":0,"1":1,"2":1,"3":0,"4":0,"5":1},"f":{"0":0,"1":0,"2":0},"b":{},"_coverageSchema":"1a1c01bbd47fc00a2c39e90264f33305004495a9","hash":"7fe7ad9fb4479b72700d0302e122acc58e04ffb7"}
,"/Users/anthonycella/HackReactor/nile/client/src/components/overview/main-section/product-interaction/style-selector/selectedthumbnail.jsx": {"path":"/Users/anthonycella/HackReactor/nile/client/src/components/overview/main-section/product-interaction/style-selector/selectedthumbnail.jsx","statementMap":{"0":{"start":{"line":6,"column":16},"end":{"line":6,"column":18}},"1":{"start":{"line":9,"column":21},"end":{"line":9,"column":36}},"2":{"start":{"line":10,"column":2},"end":{"line":15,"column":4}},"3":{"start":{"line":18,"column":31},"end":{"line":28,"column":1}},"4":{"start":{"line":24,"column":38},"end":{"line":24,"column":50}},"5":{"start":{"line":30,"column":35},"end":{"line":32,"column":1}},"6":{"start":{"line":34,"column":30},"end":{"line":39,"column":1}},"7":{"start":{"line":36,"column":22},"end":{"line":36,"column":32}},"8":{"start":{"line":37,"column":23},"end":{"line":37,"column":33}}},"fnMap":{"0":{"name":"SelectedThumbnail","decl":{"start":{"line":8,"column":9},"end":{"line":8,"column":26}},"loc":{"start":{"line":8,"column":45},"end":{"line":16,"column":1}},"line":8},"1":{"name":"(anonymous_1)","decl":{"start":{"line":24,"column":27},"end":{"line":24,"column":28}},"loc":{"start":{"line":24,"column":38},"end":{"line":24,"column":50}},"line":24},"2":{"name":"(anonymous_2)","decl":{"start":{"line":36,"column":11},"end":{"line":36,"column":12}},"loc":{"start":{"line":36,"column":22},"end":{"line":36,"column":32}},"line":36},"3":{"name":"(anonymous_3)","decl":{"start":{"line":37,"column":12},"end":{"line":37,"column":13}},"loc":{"start":{"line":37,"column":23},"end":{"line":37,"column":33}},"line":37}},"branchMap":{"0":{"loc":{"start":{"line":9,"column":21},"end":{"line":9,"column":36}},"type":"binary-expr","locations":[{"start":{"line":9,"column":21},"end":{"line":9,"column":25}},{"start":{"line":9,"column":29},"end":{"line":9,"column":36}}],"line":9}},"s":{"0":1,"1":0,"2":0,"3":1,"4":0,"5":1,"6":1,"7":0,"8":0},"f":{"0":0,"1":0,"2":0,"3":0},"b":{"0":[0,0]},"_coverageSchema":"1a1c01bbd47fc00a2c39e90264f33305004495a9","hash":"7d89e10baf2e45951a59b2ca4faab9170e2ce009"}
,"/Users/anthonycella/HackReactor/nile/client/src/components/overview/main-section/product-interaction/style-selector/styleselected.jsx": {"path":"/Users/anthonycella/HackReactor/nile/client/src/components/overview/main-section/product-interaction/style-selector/styleselected.jsx","statementMap":{"0":{"start":{"line":5,"column":2},"end":{"line":10,"column":4}},"1":{"start":{"line":13,"column":31},"end":{"line":15,"column":1}}},"fnMap":{"0":{"name":"StyleSelected","decl":{"start":{"line":4,"column":9},"end":{"line":4,"column":22}},"loc":{"start":{"line":4,"column":33},"end":{"line":11,"column":1}},"line":4}},"branchMap":{},"s":{"0":1,"1":1},"f":{"0":1},"b":{},"_coverageSchema":"1a1c01bbd47fc00a2c39e90264f33305004495a9","hash":"0004536d295f0d91107c899a770ee0263a5d8cef"}
,"/Users/anthonycella/HackReactor/nile/client/src/components/overview/main-section/product-interaction/style-selector/styleselector.jsx": {"path":"/Users/anthonycella/HackReactor/nile/client/src/components/overview/main-section/product-interaction/style-selector/styleselector.jsx","statementMap":{"0":{"start":{"line":7,"column":20},"end":{"line":7,"column":32}},"1":{"start":{"line":9,"column":25},"end":{"line":9,"column":41}},"2":{"start":{"line":10,"column":23},"end":{"line":10,"column":47}},"3":{"start":{"line":11,"column":29},"end":{"line":11,"column":53}},"4":{"start":{"line":12,"column":24},"end":{"line":15,"column":3}},"5":{"start":{"line":17,"column":2},"end":{"line":23,"column":4}},"6":{"start":{"line":26,"column":31},"end":{"line":31,"column":1}},"7":{"start":{"line":30,"column":41},"end":{"line":30,"column":53}}},"fnMap":{"0":{"name":"StyleSelector","decl":{"start":{"line":6,"column":9},"end":{"line":6,"column":22}},"loc":{"start":{"line":6,"column":64},"end":{"line":24,"column":1}},"line":6},"1":{"name":"(anonymous_1)","decl":{"start":{"line":30,"column":30},"end":{"line":30,"column":31}},"loc":{"start":{"line":30,"column":41},"end":{"line":30,"column":53}},"line":30}},"branchMap":{"0":{"loc":{"start":{"line":7,"column":20},"end":{"line":7,"column":32}},"type":"binary-expr","locations":[{"start":{"line":7,"column":20},"end":{"line":7,"column":26}},{"start":{"line":7,"column":30},"end":{"line":7,"column":32}}],"line":7},"1":{"loc":{"start":{"line":12,"column":24},"end":{"line":15,"column":3}},"type":"binary-expr","locations":[{"start":{"line":12,"column":24},"end":{"line":12,"column":37}},{"start":{"line":12,"column":41},"end":{"line":15,"column":3}}],"line":12}},"s":{"0":1,"1":1,"2":1,"3":1,"4":1,"5":1,"6":1,"7":1},"f":{"0":1,"1":1},"b":{"0":[1,1],"1":[1,1]},"_coverageSchema":"1a1c01bbd47fc00a2c39e90264f33305004495a9","hash":"4c3d4bb21d980cb13b480f3d4cbcfa7093268d05"}
,"/Users/anthonycella/HackReactor/nile/client/src/components/overview/main-section/product-interaction/style-selector/thumbnail.jsx": {"path":"/Users/anthonycella/HackReactor/nile/client/src/components/overview/main-section/product-interaction/style-selector/thumbnail.jsx","statementMap":{"0":{"start":{"line":4,"column":16},"end":{"line":4,"column":22}},"1":{"start":{"line":7,"column":23},"end":{"line":7,"column":38}},"2":{"start":{"line":8,"column":2},"end":{"line":10,"column":4}},"3":{"start":{"line":13,"column":31},"end":{"line":25,"column":1}},"4":{"start":{"line":14,"column":23},"end":{"line":14,"column":33}},"5":{"start":{"line":15,"column":22},"end":{"line":15,"column":32}},"6":{"start":{"line":21,"column":38},"end":{"line":21,"column":50}}},"fnMap":{"0":{"name":"Thumbnail","decl":{"start":{"line":6,"column":9},"end":{"line":6,"column":18}},"loc":{"start":{"line":6,"column":51},"end":{"line":11,"column":1}},"line":6},"1":{"name":"(anonymous_1)","decl":{"start":{"line":14,"column":12},"end":{"line":14,"column":13}},"loc":{"start":{"line":14,"column":23},"end":{"line":14,"column":33}},"line":14},"2":{"name":"(anonymous_2)","decl":{"start":{"line":15,"column":11},"end":{"line":15,"column":12}},"loc":{"start":{"line":15,"column":22},"end":{"line":15,"column":32}},"line":15},"3":{"name":"(anonymous_3)","decl":{"start":{"line":21,"column":27},"end":{"line":21,"column":28}},"loc":{"start":{"line":21,"column":38},"end":{"line":21,"column":50}},"line":21}},"branchMap":{"0":{"loc":{"start":{"line":7,"column":23},"end":{"line":7,"column":38}},"type":"binary-expr","locations":[{"start":{"line":7,"column":23},"end":{"line":7,"column":27}},{"start":{"line":7,"column":31},"end":{"line":7,"column":38}}],"line":7}},"s":{"0":1,"1":0,"2":0,"3":1,"4":0,"5":0,"6":0},"f":{"0":0,"1":0,"2":0,"3":0},"b":{"0":[0,0]},"_coverageSchema":"1a1c01bbd47fc00a2c39e90264f33305004495a9","hash":"ddd1428a092e9bc5cac9d5e9585e7f3410153db3"}
,"/Users/anthonycella/HackReactor/nile/client/src/components/overview/main-section/product-interaction/style-selector/thumbnailselector.jsx": {"path":"/Users/anthonycella/HackReactor/nile/client/src/components/overview/main-section/product-interaction/style-selector/thumbnailselector.jsx","statementMap":{"0":{"start":{"line":7,"column":18},"end":{"line":7,"column":30}},"1":{"start":{"line":9,"column":2},"end":{"line":9,"column":42}},"2":{"start":{"line":11,"column":17},"end":{"line":18,"column":4}},"3":{"start":{"line":12,"column":17},"end":{"line":12,"column":46}},"4":{"start":{"line":13,"column":4},"end":{"line":17,"column":5}},"5":{"start":{"line":14,"column":6},"end":{"line":14,"column":50}},"6":{"start":{"line":16,"column":6},"end":{"line":16,"column":83}},"7":{"start":{"line":16,"column":60},"end":{"line":16,"column":79}},"8":{"start":{"line":20,"column":21},"end":{"line":20,"column":40}},"9":{"start":{"line":21,"column":25},"end":{"line":21,"column":45}},"10":{"start":{"line":22,"column":19},"end":{"line":22,"column":21}},"11":{"start":{"line":24,"column":2},"end":{"line":26,"column":3}},"12":{"start":{"line":24,"column":26},"end":{"line":24,"column":27}},"13":{"start":{"line":25,"column":4},"end":{"line":25,"column":29}},"14":{"start":{"line":29,"column":2},"end":{"line":34,"column":4}},"15":{"start":{"line":37,"column":27},"end":{"line":42,"column":1}},"16":{"start":{"line":39,"column":23},"end":{"line":39,"column":35}},"17":{"start":{"line":40,"column":42},"end":{"line":40,"column":60}}},"fnMap":{"0":{"name":"ThumbnailSelector","decl":{"start":{"line":6,"column":9},"end":{"line":6,"column":26}},"loc":{"start":{"line":6,"column":74},"end":{"line":35,"column":1}},"line":6},"1":{"name":"(anonymous_1)","decl":{"start":{"line":11,"column":31},"end":{"line":11,"column":32}},"loc":{"start":{"line":11,"column":47},"end":{"line":18,"column":3}},"line":11},"2":{"name":"(anonymous_2)","decl":{"start":{"line":16,"column":54},"end":{"line":16,"column":55}},"loc":{"start":{"line":16,"column":60},"end":{"line":16,"column":79}},"line":16},"3":{"name":"(anonymous_3)","decl":{"start":{"line":39,"column":12},"end":{"line":39,"column":13}},"loc":{"start":{"line":39,"column":23},"end":{"line":39,"column":35}},"line":39},"4":{"name":"(anonymous_4)","decl":{"start":{"line":40,"column":31},"end":{"line":40,"column":32}},"loc":{"start":{"line":40,"column":42},"end":{"line":40,"column":60}},"line":40}},"branchMap":{"0":{"loc":{"start":{"line":7,"column":18},"end":{"line":7,"column":30}},"type":"binary-expr","locations":[{"start":{"line":7,"column":18},"end":{"line":7,"column":24}},{"start":{"line":7,"column":28},"end":{"line":7,"column":30}}],"line":7},"1":{"loc":{"start":{"line":13,"column":4},"end":{"line":17,"column":5}},"type":"if","locations":[{"start":{"line":13,"column":4},"end":{"line":17,"column":5}},{"start":{"line":15,"column":11},"end":{"line":17,"column":5}}],"line":13}},"s":{"0":1,"1":1,"2":1,"3":0,"4":0,"5":0,"6":0,"7":0,"8":1,"9":1,"10":1,"11":1,"12":1,"13":0,"14":1,"15":1,"16":1,"17":1},"f":{"0":1,"1":0,"2":0,"3":1,"4":1},"b":{"0":[1,1],"1":[0,0]},"_coverageSchema":"1a1c01bbd47fc00a2c39e90264f33305004495a9","hash":"2a98e05cdf304da8011a71e77c55ceeb0eca20c4"}
,"/Users/anthonycella/HackReactor/nile/client/src/components/overview/main-section/product-interaction/use-product/addtobag.jsx": {"path":"/Users/anthonycella/HackReactor/nile/client/src/components/overview/main-section/product-interaction/use-product/addtobag.jsx","statementMap":{"0":{"start":{"line":5,"column":28},"end":{"line":5,"column":43}},"1":{"start":{"line":6,"column":2},"end":{"line":10,"column":4}}},"fnMap":{"0":{"name":"AddToBag","decl":{"start":{"line":4,"column":9},"end":{"line":4,"column":17}},"loc":{"start":{"line":4,"column":25},"end":{"line":11,"column":1}},"line":4}},"branchMap":{},"s":{"0":1,"1":1},"f":{"0":1},"b":{},"_coverageSchema":"1a1c01bbd47fc00a2c39e90264f33305004495a9","hash":"d044c22853c9d2ffda9c8a90ea467a8d55f8a11a"}
,"/Users/anthonycella/HackReactor/nile/client/src/components/overview/main-section/product-interaction/use-product/addtobagrow.jsx": {"path":"/Users/anthonycella/HackReactor/nile/client/src/components/overview/main-section/product-interaction/use-product/addtobagrow.jsx","statementMap":{"0":{"start":{"line":7,"column":2},"end":{"line":11,"column":4}},"1":{"start":{"line":14,"column":29},"end":{"line":17,"column":1}}},"fnMap":{"0":{"name":"AddToBagRow","decl":{"start":{"line":6,"column":9},"end":{"line":6,"column":20}},"loc":{"start":{"line":6,"column":36},"end":{"line":12,"column":1}},"line":6}},"branchMap":{},"s":{"0":1,"1":1},"f":{"0":1},"b":{},"_coverageSchema":"1a1c01bbd47fc00a2c39e90264f33305004495a9","hash":"1331bdd9ebe1d98dd9680337a30987000f4b5781"}
,"/Users/anthonycella/HackReactor/nile/client/src/components/overview/main-section/product-interaction/use-product/qty.jsx": {"path":"/Users/anthonycella/HackReactor/nile/client/src/components/overview/main-section/product-interaction/use-product/qty.jsx","statementMap":{"0":{"start":{"line":5,"column":23},"end":{"line":5,"column":38}},"1":{"start":{"line":6,"column":2},"end":{"line":10,"column":4}}},"fnMap":{"0":{"name":"Qty","decl":{"start":{"line":4,"column":9},"end":{"line":4,"column":12}},"loc":{"start":{"line":4,"column":20},"end":{"line":11,"column":1}},"line":4}},"branchMap":{},"s":{"0":1,"1":1},"f":{"0":1},"b":{},"_coverageSchema":"1a1c01bbd47fc00a2c39e90264f33305004495a9","hash":"a673c4a1474b3c5d3995add0bfa9d62a93ef686a"}
,"/Users/anthonycella/HackReactor/nile/client/src/components/overview/main-section/product-interaction/use-product/selectionrow.jsx": {"path":"/Users/anthonycella/HackReactor/nile/client/src/components/overview/main-section/product-interaction/use-product/selectionrow.jsx","statementMap":{"0":{"start":{"line":7,"column":2},"end":{"line":12,"column":4}},"1":{"start":{"line":15,"column":30},"end":{"line":18,"column":1}}},"fnMap":{"0":{"name":"SelectionRow","decl":{"start":{"line":6,"column":9},"end":{"line":6,"column":21}},"loc":{"start":{"line":6,"column":29},"end":{"line":13,"column":1}},"line":6}},"branchMap":{},"s":{"0":1,"1":1},"f":{"0":1},"b":{},"_coverageSchema":"1a1c01bbd47fc00a2c39e90264f33305004495a9","hash":"6aa03ae1bb04d9ea9fe351d8c535250f7542978d"}
,"/Users/anthonycella/HackReactor/nile/client/src/components/overview/main-section/product-interaction/use-product/selectsize.jsx": {"path":"/Users/anthonycella/HackReactor/nile/client/src/components/overview/main-section/product-interaction/use-product/selectsize.jsx","statementMap":{"0":{"start":{"line":5,"column":30},"end":{"line":5,"column":45}},"1":{"start":{"line":6,"column":2},"end":{"line":10,"column":4}}},"fnMap":{"0":{"name":"SelectSize","decl":{"start":{"line":4,"column":9},"end":{"line":4,"column":19}},"loc":{"start":{"line":4,"column":27},"end":{"line":11,"column":1}},"line":4}},"branchMap":{},"s":{"0":1,"1":1},"f":{"0":1},"b":{},"_coverageSchema":"1a1c01bbd47fc00a2c39e90264f33305004495a9","hash":"1ef520286a7b7e3e1b9141008a41196dbe39cc7e"}
,"/Users/anthonycella/HackReactor/nile/client/src/components/overview/main-section/product-interaction/use-product/useproduct.jsx": {"path":"/Users/anthonycella/HackReactor/nile/client/src/components/overview/main-section/product-interaction/use-product/useproduct.jsx","statementMap":{"0":{"start":{"line":7,"column":22},"end":{"line":14,"column":1}},"1":{"start":{"line":17,"column":2},"end":{"line":22,"column":4}},"2":{"start":{"line":25,"column":28},"end":{"line":28,"column":1}}},"fnMap":{"0":{"name":"UseProduct","decl":{"start":{"line":16,"column":9},"end":{"line":16,"column":19}},"loc":{"start":{"line":16,"column":22},"end":{"line":23,"column":1}},"line":16}},"branchMap":{},"s":{"0":1,"1":1,"2":1},"f":{"0":1},"b":{},"_coverageSchema":"1a1c01bbd47fc00a2c39e90264f33305004495a9","hash":"6804afa8e8b59bf9126b600517932142390853f8"}
,"/Users/anthonycella/HackReactor/nile/client/src/components/overview/title-section/announcementbar.jsx": {"path":"/Users/anthonycella/HackReactor/nile/client/src/components/overview/title-section/announcementbar.jsx","statementMap":{"0":{"start":{"line":5,"column":2},"end":{"line":5,"column":137}},"1":{"start":{"line":8,"column":21},"end":{"line":15,"column":1}}},"fnMap":{"0":{"name":"AnnouncementBar","decl":{"start":{"line":4,"column":9},"end":{"line":4,"column":24}},"loc":{"start":{"line":4,"column":27},"end":{"line":6,"column":1}},"line":4}},"branchMap":{},"s":{"0":1,"1":1},"f":{"0":1},"b":{},"_coverageSchema":"1a1c01bbd47fc00a2c39e90264f33305004495a9","hash":"54a0bff7ba8a2f574b947fa25c6d4b431da4db45"}
,"/Users/anthonycella/HackReactor/nile/client/src/components/overview/title-section/searchbar.jsx": {"path":"/Users/anthonycella/HackReactor/nile/client/src/components/overview/title-section/searchbar.jsx","statementMap":{"0":{"start":{"line":5,"column":2},"end":{"line":7,"column":3}},"1":{"start":{"line":11,"column":2},"end":{"line":13,"column":4}},"2":{"start":{"line":15,"column":15},"end":{"line":19,"column":1}}},"fnMap":{"0":{"name":"SearchBar","decl":{"start":{"line":4,"column":9},"end":{"line":4,"column":18}},"loc":{"start":{"line":4,"column":21},"end":{"line":8,"column":1}},"line":4},"1":{"name":"SearchBeforeStyling","decl":{"start":{"line":10,"column":9},"end":{"line":10,"column":28}},"loc":{"start":{"line":10,"column":31},"end":{"line":14,"column":1}},"line":10}},"branchMap":{},"s":{"0":1,"1":1,"2":1},"f":{"0":1,"1":1},"b":{},"_coverageSchema":"1a1c01bbd47fc00a2c39e90264f33305004495a9","hash":"598d9ed5dbcb6a6d385dbaf3e62d75d4d83967d5"}
}
