{"/Users/anthonycella/HackReactor/nile/client/src/components/overview/description-section/descriptionsection.jsx": {"path":"/Users/anthonycella/HackReactor/nile/client/src/components/overview/description-section/descriptionsection.jsx","statementMap":{"0":{"start":{"line":7,"column":2},"end":{"line":12,"column":4}},"1":{"start":{"line":15,"column":36},"end":{"line":20,"column":1}}},"fnMap":{"0":{"name":"DescriptionSection","decl":{"start":{"line":6,"column":9},"end":{"line":6,"column":27}},"loc":{"start":{"line":6,"column":30},"end":{"line":13,"column":1}},"line":6}},"branchMap":{},"s":{"0":1,"1":1},"f":{"0":1},"b":{},"_coverageSchema":"1a1c01bbd47fc00a2c39e90264f33305004495a9","hash":"6dc15abbbd0a47605ecb0f1a756c520b5dfc9b6d"}
,"/Users/anthonycella/HackReactor/nile/client/src/components/overview/description-section/features-list/feature.jsx": {"path":"/Users/anthonycella/HackReactor/nile/client/src/components/overview/description-section/features-list/feature.jsx","statementMap":{"0":{"start":{"line":5,"column":2},"end":{"line":9,"column":4}},"1":{"start":{"line":12,"column":20},"end":{"line":14,"column":1}}},"fnMap":{"0":{"name":"Feature","decl":{"start":{"line":4,"column":9},"end":{"line":4,"column":16}},"loc":{"start":{"line":4,"column":19},"end":{"line":10,"column":1}},"line":4}},"branchMap":{},"s":{"0":13,"1":3},"f":{"0":13},"b":{},"_coverageSchema":"1a1c01bbd47fc00a2c39e90264f33305004495a9","hash":"de89b04ae24bd14faecee37c8aef1b985ecadcaa"}
,"/Users/anthonycella/HackReactor/nile/client/src/components/overview/description-section/features-list/featureslist.jsx": {"path":"/Users/anthonycella/HackReactor/nile/client/src/components/overview/description-section/features-list/featureslist.jsx","statementMap":{"0":{"start":{"line":6,"column":2},"end":{"line":15,"column":4}},"1":{"start":{"line":18,"column":25},"end":{"line":23,"column":1}}},"fnMap":{"0":{"name":"FeaturesList","decl":{"start":{"line":5,"column":9},"end":{"line":5,"column":21}},"loc":{"start":{"line":5,"column":24},"end":{"line":16,"column":1}},"line":5}},"branchMap":{},"s":{"0":2,"1":2},"f":{"0":2},"b":{},"_coverageSchema":"1a1c01bbd47fc00a2c39e90264f33305004495a9","hash":"39d43e41157d9576a7c1b4a3a3839c4daca36c4d"}
,"/Users/anthonycella/HackReactor/nile/client/src/components/overview/description-section/product-description/description.jsx": {"path":"/Users/anthonycella/HackReactor/nile/client/src/components/overview/description-section/product-description/description.jsx","statementMap":{"0":{"start":{"line":5,"column":2},"end":{"line":12,"column":4}},"1":{"start":{"line":15,"column":29},"end":{"line":17,"column":1}}},"fnMap":{"0":{"name":"Description","decl":{"start":{"line":4,"column":9},"end":{"line":4,"column":20}},"loc":{"start":{"line":4,"column":23},"end":{"line":13,"column":1}},"line":4}},"branchMap":{},"s":{"0":1,"1":1},"f":{"0":1},"b":{},"_coverageSchema":"1a1c01bbd47fc00a2c39e90264f33305004495a9","hash":"7126e574d875cf155bd96715a53c0a974ee50b2f"}
,"/Users/anthonycella/HackReactor/nile/client/src/components/overview/description-section/product-description/productdescription.jsx": {"path":"/Users/anthonycella/HackReactor/nile/client/src/components/overview/description-section/product-description/productdescription.jsx","statementMap":{"0":{"start":{"line":7,"column":2},"end":{"line":12,"column":4}},"1":{"start":{"line":15,"column":18},"end":{"line":15,"column":102}},"2":{"start":{"line":17,"column":36},"end":{"line":27,"column":1}}},"fnMap":{"0":{"name":"ProductDescription","decl":{"start":{"line":6,"column":9},"end":{"line":6,"column":27}},"loc":{"start":{"line":6,"column":30},"end":{"line":13,"column":1}},"line":6}},"branchMap":{},"s":{"0":1,"1":1,"2":1},"f":{"0":1},"b":{},"_coverageSchema":"1a1c01bbd47fc00a2c39e90264f33305004495a9","hash":"996331a2c920c488dc26e23ba01711c30b905ab8"}
,"/Users/anthonycella/HackReactor/nile/client/src/components/overview/description-section/product-description/slogan.jsx": {"path":"/Users/anthonycella/HackReactor/nile/client/src/components/overview/description-section/product-description/slogan.jsx","statementMap":{"0":{"start":{"line":5,"column":2},"end":{"line":9,"column":4}},"1":{"start":{"line":12,"column":20},"end":{"line":15,"column":1}}},"fnMap":{"0":{"name":"Slogan","decl":{"start":{"line":4,"column":9},"end":{"line":4,"column":15}},"loc":{"start":{"line":4,"column":18},"end":{"line":10,"column":1}},"line":4}},"branchMap":{},"s":{"0":1,"1":1},"f":{"0":1},"b":{},"_coverageSchema":"1a1c01bbd47fc00a2c39e90264f33305004495a9","hash":"11a7514938017494f031129622d85370d93daed9"}
}
