TN:
SF:client/src/components/overview/description-section/descriptionsection.jsx
FN:6,DescriptionSection
FNF:1
FNH:1
FNDA:1,DescriptionSection
DA:7,1
DA:15,1
LF:2
LH:2
BRF:0
BRH:0
end_of_record
TN:
SF:client/src/components/overview/description-section/features-list/feature.jsx
FN:4,Feature
FNF:1
FNH:1
FNDA:13,Feature
DA:5,13
DA:12,3
LF:2
LH:2
BRF:0
BRH:0
end_of_record
TN:
SF:client/src/components/overview/description-section/features-list/featureslist.jsx
FN:5,FeaturesList
FNF:1
FNH:1
FNDA:2,FeaturesList
DA:6,2
DA:18,2
LF:2
LH:2
BRF:0
BRH:0
end_of_record
TN:
SF:client/src/components/overview/description-section/product-description/description.jsx
FN:4,Description
FNF:1
FNH:1
FNDA:1,Description
DA:5,1
DA:15,1
LF:2
LH:2
BRF:0
BRH:0
end_of_record
TN:
SF:client/src/components/overview/description-section/product-description/productdescription.jsx
FN:6,ProductDescription
FNF:1
FNH:1
FNDA:1,ProductDescription
DA:7,1
DA:15,1
DA:17,1
LF:3
LH:3
BRF:0
BRH:0
end_of_record
TN:
SF:client/src/components/overview/description-section/product-description/slogan.jsx
FN:4,Slogan
FNF:1
FNH:1
FNDA:1,Slogan
DA:5,1
DA:12,1
LF:2
LH:2
BRF:0
BRH:0
end_of_record
TN:
SF:client/src/components/overview/main-section/product-image/nextimagebutton.jsx
FN:4,NextImageButton
FNF:1
FNH:1
FNDA:1,NextImageButton
DA:5,1
DA:10,1
LF:2
LH:2
BRF:0
BRH:0
end_of_record
TN:
SF:client/src/components/overview/main-section/product-image/previousimagebutton.jsx
FN:4,PreviousImageButton
FNF:1
FNH:1
FNDA:1,PreviousImageButton
DA:5,1
DA:10,1
LF:2
LH:2
BRF:0
BRH:0
end_of_record
TN:
SF:client/src/components/overview/main-section/product-image/productimage.jsx
FN:7,ProductImage
FNF:1
FNH:1
FNDA:1,ProductImage
DA:8,1
DA:17,1
DA:20,1
LF:3
LH:3
BRF:0
BRH:0
end_of_record
TN:
SF:client/src/components/overview/main-section/product-image/carousel/carousel.jsx
FN:7,Carousel
FNF:1
FNH:1
FNDA:1,Carousel
DA:8,1
DA:22,1
LF:2
LH:2
BRF:0
BRH:0
end_of_record
TN:
SF:client/src/components/overview/main-section/product-image/carousel/carouselselectedthumbnail.jsx
FN:6,CarouselSelectedThumbnail
FNF:1
FNH:1
FNDA:1,CarouselSelectedThumbnail
DA:4,1
DA:7,1
DA:15,1
DA:23,1
DA:28,1
LF:5
LH:5
BRF:0
BRH:0
end_of_record
TN:
SF:client/src/components/overview/main-section/product-image/carousel/carouselthumbnail.jsx
FN:6,CarouselThumbnail
FNF:1
FNH:1
FNDA:6,CarouselThumbnail
DA:4,1
DA:7,6
DA:12,1
DA:20,1
DA:25,1
LF:5
LH:5
BRF:0
BRH:0
end_of_record
TN:
SF:client/src/components/overview/main-section/product-image/carousel/nextbutton.jsx
FN:4,NextButton
FNF:1
FNH:1
FNDA:1,NextButton
DA:5,1
DA:10,1
LF:2
LH:2
BRF:0
BRH:0
end_of_record
TN:
SF:client/src/components/overview/main-section/product-interaction/product-info/category.jsx
FN:3,Category
FNF:1
FNH:1
FNDA:1,Category
DA:4,1
LF:1
LH:1
BRF:0
BRH:0
end_of_record
TN:
SF:client/src/components/overview/main-section/product-interaction/product-info/price.jsx
FN:4,Price
FNF:1
FNH:1
FNDA:1,Price
DA:5,1
DA:10,1
LF:2
LH:2
BRF:0
BRH:0
end_of_record
TN:
SF:client/src/components/overview/main-section/product-interaction/product-info/productname.jsx
FN:4,ProductName
FNF:1
FNH:1
FNDA:1,ProductName
DA:5,1
DA:10,1
LF:2
LH:2
BRF:0
BRH:0
end_of_record
TN:
SF:client/src/components/overview/main-section/product-interaction/product-info/reviewsection.jsx
FN:3,ReviewSection
FNF:1
FNH:1
FNDA:1,ReviewSection
DA:4,1
LF:1
LH:1
BRF:0
BRH:0
end_of_record
TN:
SF:client/src/components/overview/main-section/product-interaction/style-selector/checkmark.jsx
FN:4,CheckMark
FNF:1
FNH:1
FNDA:1,CheckMark
DA:5,1
DA:10,1
DA:12,1
DA:14,1
LF:4
LH:4
BRF:0
BRH:0
end_of_record
TN:
SF:client/src/components/overview/main-section/product-interaction/style-selector/selectedthumbnail.jsx
FN:6,SelectedThumbnail
FNF:1
FNH:1
FNDA:1,SelectedThumbnail
DA:7,1
DA:15,1
DA:17,1
DA:28,1
DA:32,1
LF:5
LH:5
BRF:0
BRH:0
end_of_record
TN:
SF:client/src/components/overview/main-section/product-interaction/style-selector/styleselected.jsx
FN:4,StyleSelected
FNF:1
FNH:1
FNDA:1,StyleSelected
DA:5,1
DA:13,1
LF:2
LH:2
BRF:0
BRH:0
end_of_record
TN:
SF:client/src/components/overview/main-section/product-interaction/style-selector/styleselector.jsx
FN:18,StyleSelector
FNF:1
FNH:1
FNDA:2,StyleSelector
DA:6,1
DA:7,1
DA:19,2
DA:21,1
DA:30,1
LF:5
LH:5
BRF:0
BRH:0
end_of_record
TN:
SF:client/src/components/overview/main-section/product-interaction/style-selector/thumbnail.jsx
FN:4,Thumbnail
FNF:1
FNH:1
FNDA:7,Thumbnail
DA:5,7
DA:10,1
DA:12,1
LF:3
LH:3
BRF:0
BRH:0
end_of_record
TN:
SF:client/src/components/overview/main-section/product-interaction/style-selector/thumbnailselector.jsx
FN:6,ThumbnailSelector
FN:7,(anonymous_1)
FN:11,(anonymous_2)
FNF:3
FNH:2
FNDA:1,ThumbnailSelector
FNDA:8,(anonymous_1)
FNDA:0,(anonymous_2)
DA:7,1
DA:8,8
DA:9,1
DA:11,7
DA:15,1
DA:22,1
LF:6
LH:6
BRDA:8,0,0,1
BRDA:8,0,1,7
BRF:2
BRH:2
end_of_record
TN:
SF:client/src/components/overview/main-section/product-interaction/use-product/addtobag.jsx
FN:4,AddToBag
FNF:1
FNH:1
FNDA:1,AddToBag
DA:5,1
DA:6,1
LF:2
LH:2
BRF:0
BRH:0
end_of_record
TN:
SF:client/src/components/overview/main-section/product-interaction/use-product/addtobagrow.jsx
FN:6,AddToBagRow
FNF:1
FNH:1
FNDA:1,AddToBagRow
DA:7,1
DA:14,1
LF:2
LH:2
BRF:0
BRH:0
end_of_record
TN:
SF:client/src/components/overview/main-section/product-interaction/use-product/favorite.jsx
FN:4,Favorite
FNF:1
FNH:0
FNDA:0,Favorite
DA:5,0
DA:6,0
LF:2
LH:0
BRF:0
BRH:0
end_of_record
TN:
SF:client/src/components/overview/main-section/product-interaction/use-product/qty.jsx
FN:4,Qty
FNF:1
FNH:1
FNDA:1,Qty
DA:5,1
DA:6,1
LF:2
LH:2
BRF:0
BRH:0
end_of_record
TN:
SF:client/src/components/overview/main-section/product-interaction/use-product/selectionrow.jsx
FN:6,SelectionRow
FNF:1
FNH:1
FNDA:1,SelectionRow
DA:7,1
DA:15,1
LF:2
LH:2
BRF:0
BRH:0
end_of_record
TN:
SF:client/src/components/overview/main-section/product-interaction/use-product/selectsize.jsx
FN:4,SelectSize
FNF:1
FNH:1
FNDA:1,SelectSize
DA:5,1
DA:6,1
LF:2
LH:2
BRF:0
BRH:0
end_of_record
TN:
SF:client/src/components/overview/main-section/product-interaction/use-product/useproduct.jsx
FN:16,UseProduct
FNF:1
FNH:1
FNDA:1,UseProduct
DA:7,1
DA:17,1
DA:25,1
LF:3
LH:3
BRF:0
BRH:0
end_of_record
TN:
SF:client/src/components/overview/title-section/announcementbar.jsx
FN:4,AnnouncementBar
FNF:1
FNH:1
FNDA:1,AnnouncementBar
DA:5,1
DA:8,1
LF:2
LH:2
BRF:0
BRH:0
end_of_record
TN:
SF:client/src/components/overview/title-section/searchbar.jsx
FN:4,SearchBar
FN:10,SearchBeforeStyling
FNF:2
FNH:2
FNDA:1,SearchBar
FNDA:1,SearchBeforeStyling
DA:5,1
DA:11,1
DA:15,1
LF:3
LH:3
BRF:0
BRH:0
end_of_record
