TN:
SF:config.js
FNF:0
FNH:0
DA:3,1
DA:4,1
DA:6,1
LF:3
LH:3
BRF:0
BRH:0
end_of_record
TN:
SF:client/src/ThemeContext.jsx
FNF:0
FNH:0
DA:3,1
LF:1
LH:1
BRF:0
BRH:0
end_of_record
TN:
SF:client/src/starRatingFunction.jsx
FN:3,QuarterStars
FN:56,(anonymous_1)
FNF:2
FNH:0
FNDA:0,QuarterStars
FNDA:0,(anonymous_1)
DA:4,0
DA:9,0
DA:13,0
DA:16,0
DA:17,0
DA:18,0
DA:19,0
DA:20,0
DA:21,0
DA:22,0
DA:23,0
DA:24,0
DA:25,0
DA:26,0
DA:27,0
DA:29,0
DA:30,0
DA:32,0
DA:33,0
DA:35,0
DA:36,0
DA:38,0
DA:39,0
DA:41,0
DA:42,0
DA:44,0
DA:45,0
DA:46,0
DA:49,0
DA:51,0
DA:54,0
DA:57,0
DA:64,0
LF:33
LH:0
BRDA:18,0,0,0
BRDA:18,0,1,0
BRDA:20,1,0,0
BRDA:20,1,1,0
BRDA:27,2,0,0
BRDA:27,2,1,0
BRDA:27,2,2,0
BRDA:27,2,3,0
BRDA:27,2,4,0
BRDA:27,2,5,0
BRF:10
BRH:0
end_of_record
TN:
SF:client/src/themes.js
FNF:0
FNH:0
DA:1,1
DA:84,1
LF:2
LH:2
BRF:0
BRH:0
end_of_record
TN:
SF:client/src/components/overview/description-section/descriptionsection.jsx
FN:6,DescriptionSection
FN:28,(anonymous_1)
FNF:2
FNH:2
FNDA:1,DescriptionSection
FNDA:1,(anonymous_1)
DA:10,1
DA:12,1
DA:17,1
DA:25,1
DA:28,1
LF:5
LH:5
BRF:0
BRH:0
end_of_record
TN:
SF:client/src/components/overview/description-section/features-list/feature.jsx
FN:4,Feature
FNF:1
FNH:1
FNDA:5,Feature
DA:5,5
DA:12,3
LF:2
LH:2
BRF:0
BRH:0
end_of_record
TN:
SF:client/src/components/overview/description-section/features-list/featureslist.jsx
FN:5,FeaturesList
FN:12,(anonymous_1)
FN:29,(anonymous_2)
FNF:3
FNH:3
FNDA:2,FeaturesList
FNDA:4,(anonymous_1)
FNDA:2,(anonymous_2)
DA:9,2
DA:11,2
DA:12,2
DA:13,4
DA:14,4
DA:17,2
DA:24,2
DA:29,2
LF:8
LH:8
BRDA:9,0,0,2
BRDA:9,0,1,1
BRF:2
BRH:2
end_of_record
TN:
SF:client/src/components/overview/description-section/product-description/description.jsx
FN:4,Description
FN:14,(anonymous_1)
FNF:2
FNH:2
FNDA:2,Description
FNDA:2,(anonymous_1)
DA:5,2
DA:12,2
DA:14,2
LF:3
LH:3
BRF:0
BRH:0
end_of_record
TN:
SF:client/src/components/overview/description-section/product-description/productdescription.jsx
FN:6,ProductDescription
FN:21,(anonymous_1)
FNF:2
FNH:2
FNDA:2,ProductDescription
FNDA:2,(anonymous_1)
DA:10,2
DA:18,2
DA:21,2
LF:3
LH:3
BRF:0
BRH:0
end_of_record
TN:
SF:client/src/components/overview/description-section/product-description/slogan.jsx
FN:4,Slogan
FN:15,(anonymous_1)
FNF:2
FNH:2
FNDA:2,Slogan
FNDA:2,(anonymous_1)
DA:5,2
DA:12,2
DA:15,2
LF:3
LH:3
BRF:0
BRH:0
end_of_record
TN:
SF:client/src/components/overview/main-section/product-image/fullscreenbutton.jsx
FN:5,FullScreenButton
FNF:1
FNH:1
FNDA:1,FullScreenButton
DA:6,1
DA:15,1
DA:23,1
LF:3
LH:3
BRF:0
BRH:0
end_of_record
TN:
SF:client/src/components/overview/main-section/product-image/nextimagebutton.jsx
FN:5,NextImageButton
FN:9,(anonymous_1)
FNF:2
FNH:1
FNDA:1,NextImageButton
FNDA:0,(anonymous_1)
DA:6,1
DA:9,0
DA:15,1
DA:22,1
LF:4
LH:3
BRF:0
BRH:0
end_of_record
TN:
SF:client/src/components/overview/main-section/product-image/carousel/carouselthumbnail.jsx
FN:4,CarouselThumbnail
FN:29,(anonymous_1)
FN:30,(anonymous_2)
FN:32,(anonymous_3)
FNF:4
FNH:4
FNDA:1,CarouselThumbnail
FNDA:1,(anonymous_1)
FNDA:1,(anonymous_2)
FNDA:1,(anonymous_3)
DA:8,1
DA:9,0
DA:10,0
DA:12,1
DA:13,1
DA:16,1
DA:28,1
DA:29,1
DA:30,1
DA:32,1
DA:36,1
LF:11
LH:9
BRDA:8,0,0,0
BRDA:8,0,1,1
BRF:2
BRH:1
end_of_record
TN:
SF:client/src/components/overview/main-section/product-interaction/product-info/category.jsx
FN:4,Category
FN:14,(anonymous_1)
FNF:2
FNH:2
FNDA:1,Category
FNDA:1,(anonymous_1)
DA:5,1
DA:12,1
DA:14,1
LF:3
LH:3
BRF:0
BRH:0
end_of_record
TN:
SF:client/src/components/overview/main-section/product-interaction/product-info/price.jsx
FN:4,Price
FN:23,(anonymous_1)
FN:32,(anonymous_2)
FNF:3
FNH:2
FNDA:1,Price
FNDA:1,(anonymous_1)
FNDA:0,(anonymous_2)
DA:5,1
DA:6,1
DA:7,0
DA:13,1
DA:20,1
DA:23,1
DA:26,1
DA:30,1
DA:32,0
LF:9
LH:7
BRDA:6,0,0,0
BRDA:6,0,1,1
BRF:2
BRH:1
end_of_record
TN:
SF:client/src/components/overview/main-section/product-interaction/product-info/productname.jsx
FN:4,ProductName
FN:15,(anonymous_1)
FNF:2
FNH:2
FNDA:1,ProductName
FNDA:1,(anonymous_1)
DA:5,1
DA:12,1
DA:15,1
LF:3
LH:3
BRF:0
BRH:0
end_of_record
TN:
SF:client/src/components/overview/main-section/product-interaction/product-info/reviewsection.jsx
FN:6,readReviews
FN:14,ReviewSection
FN:28,ratingInStars
FN:52,(anonymous_3)
FN:55,(anonymous_4)
FNF:5
FNH:4
FNDA:0,readReviews
FNDA:1,ReviewSection
FNDA:1,ratingInStars
FNDA:1,(anonymous_3)
FNDA:1,(anonymous_4)
DA:7,0
DA:8,0
DA:9,0
DA:11,0
DA:15,1
DA:16,1
DA:17,1
DA:29,1
DA:30,1
DA:31,1
DA:33,1
DA:34,5
DA:36,5
DA:37,0
DA:38,5
DA:39,0
DA:40,0
DA:42,5
DA:43,5
DA:47,1
DA:50,1
DA:52,1
DA:55,1
LF:23
LH:16
BRDA:36,0,0,0
BRDA:36,0,1,5
BRDA:38,1,0,0
BRDA:38,1,1,5
BRF:4
BRH:2
end_of_record
TN:
SF:client/src/components/overview/main-section/product-interaction/style-selector/checkmark.jsx
FN:4,CheckMark
FN:19,(anonymous_1)
FN:20,(anonymous_2)
FNF:3
FNH:3
FNDA:1,CheckMark
FNDA:1,(anonymous_1)
FNDA:1,(anonymous_2)
DA:7,1
DA:12,2
DA:14,2
DA:19,1
DA:20,1
DA:29,2
LF:6
LH:6
BRF:0
BRH:0
end_of_record
TN:
SF:client/src/components/overview/main-section/product-interaction/style-selector/selectedthumbnail.jsx
FN:8,SelectedThumbnail
FN:24,(anonymous_1)
FN:36,(anonymous_2)
FN:37,(anonymous_3)
FNF:4
FNH:4
FNDA:1,SelectedThumbnail
FNDA:1,(anonymous_1)
FNDA:1,(anonymous_2)
FNDA:1,(anonymous_3)
DA:6,2
DA:9,1
DA:10,1
DA:18,2
DA:24,1
DA:30,2
DA:34,2
DA:36,1
DA:37,1
LF:9
LH:9
BRDA:9,0,0,1
BRDA:9,0,1,0
BRF:2
BRH:1
end_of_record
TN:
SF:client/src/components/overview/main-section/product-interaction/style-selector/styleselected.jsx
FN:4,StyleSelected
FN:16,(anonymous_1)
FN:21,(anonymous_2)
FN:25,(anonymous_3)
FNF:4
FNH:4
FNDA:2,StyleSelected
FNDA:2,(anonymous_1)
FNDA:2,(anonymous_2)
FNDA:2,(anonymous_3)
DA:5,2
DA:13,2
DA:16,2
DA:19,2
DA:21,2
DA:24,2
DA:25,2
LF:7
LH:7
BRF:0
BRH:0
end_of_record
TN:
SF:client/src/components/overview/main-section/product-interaction/style-selector/styleselector.jsx
FN:6,StyleSelector
FN:35,(anonymous_1)
FNF:2
FNH:2
FNDA:1,StyleSelector
FNDA:1,(anonymous_1)
DA:7,1
DA:9,1
DA:10,1
DA:11,1
DA:12,1
DA:17,1
DA:31,1
DA:35,1
LF:8
LH:8
BRDA:7,0,0,1
BRDA:7,0,1,1
BRDA:12,1,0,1
BRDA:12,1,1,1
BRF:4
BRH:4
end_of_record
TN:
SF:client/src/components/overview/main-section/product-interaction/style-selector/thumbnail.jsx
FN:6,Thumbnail
FN:14,(anonymous_1)
FN:15,(anonymous_2)
FN:20,(anonymous_3)
FNF:4
FNH:4
FNDA:1,Thumbnail
FNDA:1,(anonymous_1)
FNDA:1,(anonymous_2)
FNDA:1,(anonymous_3)
DA:4,3
DA:7,1
DA:8,1
DA:13,3
DA:14,1
DA:15,1
DA:20,1
LF:7
LH:7
BRDA:7,0,0,1
BRDA:7,0,1,0
BRF:2
BRH:1
end_of_record
TN:
SF:client/src/components/overview/main-section/product-interaction/style-selector/thumbnailselector.jsx
FN:6,ThumbnailSelector
FN:13,(anonymous_1)
FN:19,(anonymous_2)
FN:43,(anonymous_3)
FN:44,(anonymous_4)
FNF:5
FNH:3
FNDA:1,ThumbnailSelector
FNDA:0,(anonymous_1)
FNDA:0,(anonymous_2)
FNDA:1,(anonymous_3)
FNDA:1,(anonymous_4)
DA:7,1
DA:11,1
DA:13,1
DA:14,0
DA:15,0
DA:16,0
DA:17,0
DA:19,0
DA:23,1
DA:24,1
DA:25,1
DA:27,1
DA:28,0
DA:29,0
DA:33,1
DA:41,1
DA:43,1
DA:44,1
LF:18
LH:11
BRDA:7,0,0,1
BRDA:7,0,1,1
BRDA:16,1,0,0
BRDA:16,1,1,0
BRF:4
BRH:2
end_of_record
TN:
SF:client/src/components/overview/main-section/product-interaction/use-product/addtobag.jsx
FN:10,AddToBag
FN:11,addToCart
FN:38,(anonymous_2)
FN:39,(anonymous_3)
FN:40,(anonymous_4)
FN:42,(anonymous_5)
FN:47,(anonymous_6)
FNF:7
FNH:0
FNDA:0,AddToBag
FNDA:0,addToCart
FNDA:0,(anonymous_2)
FNDA:0,(anonymous_3)
FNDA:0,(anonymous_4)
FNDA:0,(anonymous_5)
FNDA:0,(anonymous_6)
DA:8,1
DA:12,0
DA:13,0
DA:17,0
DA:19,0
DA:21,0
DA:22,0
DA:25,0
DA:36,0
DA:38,0
DA:39,0
DA:40,0
DA:44,0
DA:45,0
DA:48,0
DA:52,0
DA:59,1
LF:17
LH:2
BRDA:12,0,0,0
BRDA:12,0,1,0
BRF:2
BRH:0
end_of_record
TN:
SF:client/src/components/overview/main-section/product-interaction/use-product/addtobagrow.jsx
FN:6,AddToBagRow
FNF:1
FNH:1
FNDA:1,AddToBagRow
DA:7,1
DA:9,1
DA:10,1
DA:13,0
DA:27,1
LF:5
LH:4
BRDA:9,0,0,1
BRDA:9,0,1,0
BRF:2
BRH:1
end_of_record
TN:
SF:client/src/components/overview/main-section/product-interaction/use-product/qty.jsx
FN:4,Qty
FN:12,changeQuantitySelection
FN:43,(anonymous_2)
FNF:3
FNH:1
FNDA:1,Qty
FNDA:0,changeQuantitySelection
FNDA:0,(anonymous_2)
DA:6,1
DA:13,0
DA:15,0
DA:18,1
DA:19,1
DA:26,0
DA:28,0
DA:29,0
DA:30,0
DA:31,0
DA:34,0
DA:36,0
DA:43,1
LF:13
LH:4
BRDA:18,0,0,1
BRDA:18,0,1,0
BRDA:29,1,0,0
BRDA:29,1,1,0
BRF:4
BRH:1
end_of_record
TN:
SF:client/src/components/overview/main-section/product-interaction/use-product/selectionrow.jsx
FN:6,SelectionRow
FNF:1
FNH:1
FNDA:1,SelectionRow
DA:8,1
DA:29,1
LF:2
LH:2
BRF:0
BRH:0
end_of_record
TN:
SF:client/src/components/overview/main-section/product-interaction/use-product/selectsize.jsx
FN:7,SelectSize
FN:10,changeSizeSelection
FN:18,(anonymous_2)
FN:50,(anonymous_3)
FNF:4
FNH:1
FNDA:1,SelectSize
FNDA:0,changeSizeSelection
FNDA:0,(anonymous_2)
FNDA:0,(anonymous_3)
DA:8,1
DA:11,0
DA:12,0
DA:13,0
DA:16,1
DA:18,1
DA:19,0
DA:20,0
DA:23,0
DA:25,0
DA:26,0
DA:30,1
DA:31,1
DA:38,0
DA:39,0
DA:40,0
DA:43,0
DA:50,1
LF:18
LH:6
BRDA:25,0,0,0
BRDA:25,0,1,0
BRDA:30,1,0,1
BRDA:30,1,1,0
BRDA:38,2,0,0
BRDA:38,2,1,0
BRF:6
BRH:1
end_of_record
TN:
SF:client/src/components/overview/main-section/product-interaction/use-product/useproduct.jsx
FN:16,getSizesInStock
FN:33,sizeIsInNewStock
FN:46,UseProduct
FNF:3
FNH:2
FNDA:1,getSizesInStock
FNDA:0,sizeIsInNewStock
FNDA:1,UseProduct
DA:7,1
DA:17,1
DA:19,1
DA:21,0
DA:22,0
DA:23,0
DA:25,0
DA:26,0
DA:30,1
DA:36,0
DA:37,0
DA:38,0
DA:39,0
DA:43,0
DA:49,1
DA:52,1
DA:54,1
DA:55,1
DA:57,1
DA:58,1
DA:60,1
DA:61,0
DA:64,1
DA:65,0
DA:68,1
DA:71,1
DA:73,1
DA:74,0
DA:75,1
DA:76,0
DA:79,1
DA:81,1
DA:107,1
LF:33
LH:19
BRDA:25,0,0,0
BRDA:25,0,1,0
BRDA:38,1,0,0
BRDA:38,1,1,0
BRDA:55,2,0,0
BRDA:55,2,1,1
BRDA:57,3,0,1
BRDA:57,3,1,1
BRDA:60,4,0,0
BRDA:60,4,1,1
BRDA:64,5,0,0
BRDA:64,5,1,1
BRDA:71,6,0,1
BRDA:71,6,1,1
BRDA:73,7,0,0
BRDA:73,7,1,1
BRDA:75,8,0,0
BRDA:75,8,1,1
BRDA:75,9,0,1
BRDA:75,9,1,0
BRDA:79,10,0,1
BRDA:79,10,1,0
BRF:22
BRH:11
end_of_record
TN:
SF:client/src/components/overview/title-section/announcementbar.jsx
FN:6,AnnouncementBar
FN:20,(anonymous_1)
FNF:2
FNH:2
FNDA:1,AnnouncementBar
FNDA:1,(anonymous_1)
DA:7,1
DA:16,1
DA:20,1
LF:3
LH:3
BRF:0
BRH:0
end_of_record
TN:
SF:client/src/components/overview/title-section/lightdarkbutton.jsx
FN:6,changeColorScheme
FN:46,LightDarkButton
FN:52,(anonymous_2)
FN:73,(anonymous_3)
FN:74,(anonymous_4)
FNF:5
FNH:1
FNDA:0,changeColorScheme
FNDA:2,LightDarkButton
FNDA:0,(anonymous_2)
FNDA:0,(anonymous_3)
FNDA:0,(anonymous_4)
DA:7,0
DA:8,0
DA:10,0
DA:12,0
DA:13,0
DA:15,0
DA:16,0
DA:18,0
DA:19,0
DA:21,0
DA:22,0
DA:24,0
DA:25,0
DA:27,0
DA:28,0
DA:30,0
DA:31,0
DA:33,0
DA:34,0
DA:36,0
DA:39,0
DA:40,0
DA:41,0
DA:43,0
DA:47,2
DA:48,0
DA:49,0
DA:52,0
DA:59,1
DA:63,1
DA:73,0
DA:74,0
LF:32
LH:3
BRDA:10,0,0,0
BRDA:10,0,1,0
BRDA:10,0,2,0
BRDA:10,0,3,0
BRDA:10,0,4,0
BRDA:10,0,5,0
BRDA:10,0,6,0
BRDA:10,0,7,0
BRDA:10,0,8,0
BRDA:48,1,0,0
BRDA:48,1,1,0
BRF:11
BRH:0
end_of_record
TN:
SF:client/src/components/overview/title-section/newtheme.jsx
FN:6,changeTheme
FN:50,NewThemeDropdown
FN:63,(anonymous_2)
FNF:3
FNH:1
FNDA:0,changeTheme
FNDA:2,NewThemeDropdown
FNDA:0,(anonymous_2)
DA:7,0
DA:8,0
DA:9,0
DA:10,0
DA:12,0
DA:14,0
DA:16,0
DA:17,0
DA:19,0
DA:20,0
DA:22,0
DA:23,0
DA:25,0
DA:26,0
DA:28,0
DA:29,0
DA:31,0
DA:32,0
DA:34,0
DA:35,0
DA:37,0
DA:39,0
DA:47,0
DA:51,2
DA:53,0
DA:56,0
DA:57,0
DA:59,0
DA:62,0
DA:63,0
DA:73,1
LF:31
LH:2
BRDA:8,0,0,0
BRDA:8,0,1,0
BRDA:14,1,0,0
BRDA:14,1,1,0
BRDA:14,1,2,0
BRDA:14,1,3,0
BRDA:14,1,4,0
BRDA:14,1,5,0
BRDA:14,1,6,0
BRDA:14,1,7,0
BRDA:14,1,8,0
BRDA:56,2,0,0
BRDA:56,2,1,0
BRF:13
BRH:0
end_of_record
TN:
SF:client/src/components/overview/title-section/searchbar.jsx
FN:4,SearchBar
FN:10,SearchBeforeStyling
FNF:2
FNH:2
FNDA:1,SearchBar
FNDA:1,SearchBeforeStyling
DA:5,1
DA:11,1
DA:15,1
LF:3
LH:3
BRF:0
BRH:0
end_of_record
